Operating system: Microsoft Windows NT 6.2.9200.0
Opening INI file "D:\Games\Genesis\Sonic 2 Plus archives\Plus Series (LATEST)\S2NA\SonLVL INI Files\SonLVL.ini"...
Game type is S2NA.
Loading Emerald Hill Zone Act 1...
Loading 16x16 blocks from file "../mappings/16x16/EHZ_HTZ.bin", using compression Uncompressed...
Loading palette file "../art/palettes/SonicAndTails.bin"...
Source: 0 Destination: 0 Length: 16
Loading 8x8 tiles from file "../art/nemesis/EHZ_HTZ.bin", using compression Nemesis...
Loading 128x128 chunks from file "../mappings/128x128/EHZ_HTZ.bin", using compression Uncompressed...
Loading palette file "../art/palettes/EHZ.bin"...
Source: 0 Destination: 16 Length: 48
System.AggregateException: One or more errors occurred. ---> System.FormatException: Level must contain an FGLayout and BGLayout file!
   at SonicRetro.SonLVL.API.LevelData.LoadLevelLayout(String levelname) in E:\Programs\SonLVL\SonLVLAPI\LevelData.cs:line 644
   at SonicRetro.SonLVL.API.LevelData.<>c__DisplayClass70_0.<LoadLevel>b__0() in E:\Programs\SonLVL\SonLVLAPI\LevelData.cs:line 179
   at System.Threading.Tasks.Task.InnerInvoke()
   at System.Threading.Tasks.Task.Execute()
   --- End of inner exception stack trace ---
   at System.Threading.Tasks.Task.WaitAll(Task[] tasks, Int32 millisecondsTimeout, CancellationToken cancellationToken)
   at System.Threading.Tasks.Task.WaitAll(Task[] tasks, Int32 millisecondsTimeout)
   at System.Threading.Tasks.Parallel.Invoke(ParallelOptions parallelOptions, Action[] actions)
   at System.Threading.Tasks.Parallel.Invoke(Action[] actions)
   at SonicRetro.SonLVL.API.LevelData.LoadLevel(String levelname, Boolean loadGraphics) in E:\Programs\SonLVL\SonLVLAPI\LevelData.cs:line 179
   at SonicRetro.SonLVL.GUI.MainForm.backgroundLevelLoader_DoWork(Object sender, DoWorkEventArgs e) in E:\Programs\SonLVL\SonLVL\MainForm.cs:line 574
---> (Inner Exception #0) System.FormatException: Level must contain an FGLayout and BGLayout file!
   at SonicRetro.SonLVL.API.LevelData.LoadLevelLayout(String levelname) in E:\Programs\SonLVL\SonLVLAPI\LevelData.cs:line 644
   at SonicRetro.SonLVL.API.LevelData.<>c__DisplayClass70_0.<LoadLevel>b__0() in E:\Programs\SonLVL\SonLVLAPI\LevelData.cs:line 179
   at System.Threading.Tasks.Task.InnerInvoke()
   at System.Threading.Tasks.Task.Execute()<---

